
Creating table T_ROLE
=====================


Table created

Comment added

Comment added

Comment added

Comment added

Comment added

Table altered

Creating table T_USER
=====================


Table created

Comment added

Comment added

Comment added

Comment added

Comment added

Comment added

Comment added

Comment added

Comment added

Comment added

Comment added

Comment added

Table altered

Creating table T_USER_OPER
==========================


Table created

Comment added

Comment added

Comment added

Comment added

Comment added

Comment added

Comment added

Comment added

Table altered

Creating table T_USER_ROLE
==========================


Table created

Comment added

Comment added

Comment added

Table altered
